#
# An unexpected error has been detected by HotSpot Virtual Machine:
#
#  EXCEPTION_ACCESS_VIOLATION (0xc0000005) at pc=0x6d800899, pid=10300, tid=10368
#
# Java VM: Java HotSpot(TM) Client VM (1.5.0_18-b02 mixed mode)
# Problematic frame:
# V  [jvm.dll+0xc0899]
#

---------------  T H R E A D  ---------------

Current thread (0x01e7ca90):  VMThread [id=10368]

siginfo: ExceptionCode=0xc0000005, reading address 0x00000000

Registers:
EAX=0x00000000, EBX=0x00000000, ECX=0x01e7cf50, EDX=0x01e7cf80
ESP=0x01d7fc14, EBP=0x01d7fc70, ESI=0x0435f914, EDI=0x01e7ca90
EIP=0x6d800899, EFLAGS=0x00010202

Top of Stack: (sp=0x01d7fc14)
0x01d7fc14:   00000000 0435f914 01e94778 050454b0
0x01d7fc24:   00000001 01e7ca90 01e7cf50 01e7cf70
0x01d7fc34:   01e7cf7c 01e7d364 01d7fd1c 01e7cb58
0x01d7fc44:   01e7cb38 01e7cb50 01e7cb58 01e7cf44
0x01d7fc54:   04adae48 01e94778 01e94790 01d7fca8
0x01d7fc64:   3071d068 30033738 00000000 01d7fca8
0x01d7fc74:   6d80098a 6d8148b4 6d800a38 0037fe18
0x01d7fc84:   0435f8d0 6d8009c3 0435f914 6d86ad67 

Instructions: (pc=0x6d800899)
0x6d800889:   ff 85 c0 0f 84 d8 00 00 00 53 8b 40 04 89 45 fc
0x6d800899:   8b 18 4b 0f 88 b7 00 00 00 eb 03 8b 45 fc 8b 40 


Stack: [0x01d40000,0x01d80000),  sp=0x01d7fc14,  free space=255k
Native frames: (J=compiled Java code, j=interpreted, Vv=VM code, C=native code)
V  [jvm.dll+0xc0899]
V  [jvm.dll+0xc098a]
V  [jvm.dll+0x12a835]
V  [jvm.dll+0x12a9de]
V  [jvm.dll+0x12a743]
C  [MSVCRT.dll+0x2b530]
C  [kernel32.dll+0x1fe21]

VM_Operation (0x0435f8d0): change breakpoints, mode: safepoint, requested by thread 0x0037ae40


---------------  P R O C E S S  ---------------

Java Threads: ( => current thread )
  0x0502f7f0 JavaThread "MultiThreadedHttpConnectionManager cleanup" daemon [_thread_blocked, id=10472]
  0x04641948 JavaThread "btpool0-1" [_thread_blocked, id=10476]
  0x049d5f70 JavaThread "Timer-1" [_thread_blocked, id=10464]
  0x049a9430 JavaThread "Timer-0" [_thread_blocked, id=10428]
  0x04667468 JavaThread "btpool0-0 - Acceptor0 SelectChannelConnector@127.0.0.1:8080" [_thread_in_native, id=10432]
  0x046199e8 JavaThread "Low Memory Detector" daemon [_thread_blocked, id=10416]
  0x01e8ada0 JavaThread "CompilerThread0" daemon [_thread_blocked, id=10412]
  0x045fa250 JavaThread "Signal Dispatcher" daemon [_thread_blocked, id=10408]
  0x01e93c00 JavaThread "JDWP Command Reader" daemon [_thread_in_native, id=10396]
  0x01e92d58 JavaThread "JDWP Event Helper Thread" daemon [_thread_blocked, id=10388]
  0x0037ae40 JavaThread "JDWP Transport Listener: dt_socket" daemon [_thread_blocked, id=10384]
  0x01e7ffc0 JavaThread "Finalizer" daemon [_thread_blocked, id=10364]
  0x01e7f4d0 JavaThread "Reference Handler" daemon [_thread_blocked, id=10372]
  0x0037b260 JavaThread "main" [_thread_blocked, id=10340]

Other Threads:
=>0x01e7ca90 VMThread [id=10368]
  0x04582690 WatcherThread [id=10424]

VM state:at safepoint (normal execution)

VM Mutex/Monitor currently owned by a thread:  ([mutex/lock_event])
[0x0037fde8/0x000066c4] Threads_lock - owner thread: 0x01e7ca90

Heap
 def new generation   total 576K, used 341K [0x10030000, 0x100d0000, 0x12790000)
  eden space 512K,  58% used [0x10030000, 0x1007b308, 0x100b0000)
  from space 64K,  63% used [0x100b0000, 0x100ba290, 0x100c0000)
  to   space 64K,   0% used [0x100c0000, 0x100c0000, 0x100d0000)
 tenured generation   total 7168K, used 4640K [0x12790000, 0x12e90000, 0x30030000)
   the space 7168K,  64% used [0x12790000, 0x12c18390, 0x12c18400, 0x12e90000)
 compacting perm gen  total 11520K, used 11271K [0x30030000, 0x30b70000, 0x34030000)
   the space 11520K,  97% used [0x30030000, 0x30b31d60, 0x30b31e00, 0x30b70000)
No shared spaces configured.

Dynamic libraries:
0x00400000 - 0x0040d000 	C:\Program Files (x86)\Java\jdk1.5.0_18\bin\javaw.exe
0x7d600000 - 0x7d6f0000 	C:\WINDOWS\system32\ntdll.dll
0x7d4c0000 - 0x7d5f0000 	C:\WINDOWS\syswow64\kernel32.dll
0x7d1e0000 - 0x7d27c000 	C:\WINDOWS\syswow64\ADVAPI32.dll
0x7da20000 - 0x7db00000 	C:\WINDOWS\syswow64\RPCRT4.dll
0x7d8d0000 - 0x7d920000 	C:\WINDOWS\syswow64\Secur32.dll
0x7d930000 - 0x7da00000 	C:\WINDOWS\syswow64\USER32.dll
0x7d800000 - 0x7d890000 	C:\WINDOWS\syswow64\GDI32.dll
0x77ba0000 - 0x77bfa000 	C:\WINDOWS\syswow64\MSVCRT.dll
0x10000000 - 0x10027000 	C:\WINDOWS\system32\guard32.dll
0x77670000 - 0x777a9000 	C:\WINDOWS\syswow64\ole32.dll
0x77b90000 - 0x77b98000 	C:\WINDOWS\syswow64\VERSION.dll
0x5f080000 - 0x5f088000 	C:\WINDOWS\system32\fltlib.dll
0x6d740000 - 0x6d8de000 	C:\Program Files (x86)\Java\jdk1.5.0_18\jre\bin\client\jvm.dll
0x76aa0000 - 0x76acd000 	C:\WINDOWS\system32\WINMM.dll
0x6d300000 - 0x6d308000 	C:\Program Files (x86)\Java\jdk1.5.0_18\jre\bin\hpi.dll
0x76b70000 - 0x76b7b000 	C:\WINDOWS\system32\PSAPI.DLL
0x6d400000 - 0x6d435000 	C:\Program Files (x86)\Java\jdk1.5.0_18\jre\bin\jdwp.dll
0x6d330000 - 0x6d33e000 	C:\Program Files (x86)\Java\jdk1.5.0_18\jre\bin\instrument.dll
0x6d710000 - 0x6d71c000 	C:\Program Files (x86)\Java\jdk1.5.0_18\jre\bin\verify.dll
0x6d380000 - 0x6d39d000 	C:\Program Files (x86)\Java\jdk1.5.0_18\jre\bin\java.dll
0x6d730000 - 0x6d73f000 	C:\Program Files (x86)\Java\jdk1.5.0_18\jre\bin\zip.dll
0x6d290000 - 0x6d297000 	C:\Program Files (x86)\Java\jdk1.5.0_18\jre\bin\dt_socket.dll
0x71c00000 - 0x71c17000 	C:\WINDOWS\system32\WS2_32.dll
0x71bf0000 - 0x71bf8000 	C:\WINDOWS\system32\WS2HELP.dll
0x76f70000 - 0x76f77000 	C:\WINDOWS\System32\winrnr.dll
0x76f10000 - 0x76f3e000 	C:\WINDOWS\syswow64\WLDAP32.dll
0x76ed0000 - 0x76efa000 	C:\WINDOWS\system32\DNSAPI.dll
0x7db30000 - 0x7dbb0000 	C:\WINDOWS\System32\mswsock.dll
0x04270000 - 0x04280000 	C:\WINDOWS\system32\PrxerNsp.dll
0x76f80000 - 0x76f85000 	C:\WINDOWS\system32\rasadhlp.dll
0x042a0000 - 0x042b3000 	C:\WINDOWS\system32\PrxerDrv.dll
0x7d380000 - 0x7d3da000 	C:\WINDOWS\system32\hnetcfg.dll
0x71ae0000 - 0x71ae8000 	C:\WINDOWS\System32\wshtcpip.dll
0x6d540000 - 0x6d553000 	C:\Program Files (x86)\Java\jdk1.5.0_18\jre\bin\net.dll
0x68000000 - 0x68035000 	C:\WINDOWS\system32\rsaenh.dll
0x76920000 - 0x769e2000 	C:\WINDOWS\system32\USERENV.dll
0x71c40000 - 0x71c98000 	C:\WINDOWS\syswow64\netapi32.dll
0x6d560000 - 0x6d569000 	C:\Program Files (x86)\Java\jdk1.5.0_18\jre\bin\nio.dll

VM Arguments:
jvm_args: -agentlib:jdwp=transport=dt_socket,suspend=y,address=localhost:3632 -Xmx512m -javaagent:C:\bin\eclipse-php-galileo-win32-fixed\eclipse-php-galileo-win32\eclipse\plugins\com.google.appengine.eclipse.sdkbundle_1.2.6.v200910131704\appengine-java-sdk-1.2.6\lib\agent\appengine-agent.jar -Dfile.encoding=Cp1252
java_command: com.google.appengine.tools.development.DevAppServerMain --port=8080 D:\data\eclipse-php\te\war
Launcher Type: SUN_STANDARD

Environment Variables:
JAVA_HOME=C:\Program Files (x86)\Java\jdk1.5.0_18
CLASSPATH=.;C:\Program Files (x86)\Java\jre1.5.0_18\lib\ext\QTJava.zip;C:\Program Files (x86)\Java\jdk1.5.0_18\lib\dt.jar;C:\Program Files (x86)\Java\jdk1.5.0_18\lib\tools.jar;C:\Program Files (x86)\Java\jdk1.5.0_18\src.zip;C:\Program Files (x86)\Java\jre1.5.0_18\lib
PATH=C:\Program Files (x86)\Java\jdk1.5.0_18\jre\bin;C:/Program Files (x86)/Java/jdk1.5.0_18/bin/../jre/bin/client;C:/Program Files (x86)/Java/jdk1.5.0_18/bin/../jre/bin;C:\bin\grails-1.1.1\bin;C:\Program Files (x86)\Java\jdk1.5.0_18\bin;C:\WINDOWS\system32;C:\WINDOWS;C:\WINDOWS\System32\Wbem;c:\Program Files (x86)\Microsoft SQL Server\90\Tools\binn\;C:\Program Files (x86)\Neurotechnology\VeriLook Surveillance 1.0\bin\Win32_x86;C:\Program Files (x86)\Neurotechnology\VeriLook Surveillance 1.0\bin\Win32_x86\Cmm;C:\Program Files (x86)\QuickTime\QTSystem\;C:\Program Files\MySQL\MySQL Server 5.1\bin;C:\Program Files (x86)\MySQL\MySQL Server 4.1\bin;C:\Program Files (x86)\TortoiseHg;C:\Program Files\TortoiseSVN\bin;C:\Program Files (x86)\Neurotechnology\VeriLook 3.2 Extended Trial SDK\bin\Win32_x86;C:\Program Files (x86)\IDM Computer Solutions\UltraEdit\
USERNAME=Administrator
OS=Windows_NT
PROCESSOR_IDENTIFIER=EM64T Family 6 Model 23 Stepping 10, GenuineIntel



---------------  S Y S T E M  ---------------

OS: Windows XP 64bit Build 3790 Service Pack 2

CPU:total 4 (cores per cpu 4, threads per core 1) family 6 model 7 stepping 10, cmov, cx8, fxsr, mmx, sse, sse2

Memory: 4k page, physical 4193088k(949648k free), swap 4194303k(2277144k free)

vm_info: Java HotSpot(TM) Client VM (1.5.0_18-b02) for windows-x86, built on Feb 25 2009 01:15:45 by "java_re" with MS VC++ 6.0

